-------------------------------------------------------------------------------
Test set: org.example.MyResourceTest
-------------------------------------------------------------------------------
Tests run: 1, Failures: 1, Errors: 0, Skipped: 0, Time elapsed: 0.003 sec <<< FAILURE!
org.example.MyResourceTest.testGetIt()  Time elapsed: 0.003 sec  <<< FAILURE!
java.lang.NullPointerException: Cannot invoke "jakarta.ws.rs.client.WebTarget.path(String)" because "this.target" is null
	at org.example.MyResourceTest.testGetIt(MyResourceTest.java:45)

