-------------------------------------------------------------------------------
Test set: org.javaTrabalho.MyResourceTest
-------------------------------------------------------------------------------
Tests run: 1, Failures: 1, Errors: 0, Skipped: 0, Time elapsed: 0.001 sec <<< FAILURE!
org.javaTrabalho.MyResourceTest.testGetIt()  Time elapsed: 0 sec  <<< FAILURE!
java.lang.NullPointerException: Cannot invoke "jakarta.ws.rs.client.WebTarget.path(String)" because "this.target" is null
	at org.javaTrabalho.MyResourceTest.testGetIt(MyResourceTest.java:45)

