<?xml version="1.0" encoding="UTF-8" ?>
<testsuite tests="1" failures="1" name="org.javaTrabalho.MyResourceTest" time="0" errors="0" skipped="0">
  <properties>
[...]
</properties>
  <testcase classname="org.javaTrabalho.MyResourceTest" name="org.javaTrabalho.MyResourceTest.testGetIt" time="0">
    <failure message="Cannot invoke &quot;jakarta.ws.rs.client.WebTarget.path(String)&quot; because &quot;this.target&quot; is null" type="java.lang.NullPointerException">java.lang.NullPointerException: Cannot invoke &quot;jakarta.ws.rs.client.WebTarget.path(String)&quot; because &quot;this.target&quot; is null
	at org.javaTrabalho.MyResourceTest.testGetIt(MyResourceTest.java:45)
</failure>
  </testcase>
</testsuite>